<?xml version="1.0" encoding="UTF-8"?>
<!-- Generated by org.testng.reporters.JUnitXMLReporter -->
<testsuite ignored="0" hostname="LAPTOP-OJRUUPC9" failures="0" tests="4" name="Default test" time="8.274" errors="0" timestamp="2023-12-03T16:28:11 IST">
  <testcase classname="api.Tests.UserTests" name="testAddUser" time="3.357"/>
  <testcase classname="api.Tests.UserTests" name="testGetUser" time="1.209"/>
  <testcase classname="api.Tests.UserTests" name="testPutUser" time="2.279"/>
  <testcase classname="api.Tests.UserTests" name="testDeleteUser" time="1.173"/>
</testsuite> <!-- Default test -->
