<?xml version="1.0" encoding="UTF-8"?>
<!-- Generated by org.testng.reporters.JUnitXMLReporter -->
<testsuite ignored="0" hostname="LAPTOP-OJRUUPC9" failures="0" tests="4" name="Test" time="11.856" errors="0" timestamp="2023-12-04T08:45:30 IST">
  <testcase classname="api.Tests.UserTests" name="testAddUser" time="6.293"/>
  <testcase classname="api.Tests.UserTests" name="testGetUser" time="1.169"/>
  <testcase classname="api.Tests.UserTests" name="testPutUser" time="2.354"/>
  <testcase classname="api.Tests.UserTests" name="testDeleteUser" time="1.145"/>
</testsuite> <!-- Test -->
