<?xml version="1.0" encoding="UTF-8"?>
<testng-results ignored="0" total="4" passed="4" failed="0" skipped="0">
  <reporter-output>
  </reporter-output>
  <suite started-at="2023-12-04T08:45:18 IST" name="Suite" finished-at="2023-12-04T08:45:29 IST" duration-ms="11856">
    <groups>
    </groups>
    <test started-at="2023-12-04T08:45:18 IST" name="Test" finished-at="2023-12-04T08:45:29 IST" duration-ms="11856">
      <class name="api.Tests.UserTests">
        <test-method is-config="true" signature="setupData()[pri:0, instance:api.Tests.UserTests@39529185]" started-at="2023-12-04T08:45:18 IST" name="setupData" finished-at="2023-12-04T08:45:18 IST" duration-ms="821" status="PASS">
          <reporter-output>
          </reporter-output>
        </test-method> <!-- setupData -->
        <test-method signature="testAddUser()[pri:1, instance:api.Tests.UserTests@39529185]" started-at="2023-12-04T08:45:18 IST" name="testAddUser" finished-at="2023-12-04T08:45:25 IST" duration-ms="6293" status="PASS">
          <reporter-output>
          </reporter-output>
        </test-method> <!-- testAddUser -->
        <test-method signature="testGetUser()[pri:2, instance:api.Tests.UserTests@39529185]" started-at="2023-12-04T08:45:25 IST" name="testGetUser" finished-at="2023-12-04T08:45:26 IST" duration-ms="1169" status="PASS">
          <reporter-output>
          </reporter-output>
        </test-method> <!-- testGetUser -->
        <test-method signature="testPutUser()[pri:3, instance:api.Tests.UserTests@39529185]" started-at="2023-12-04T08:45:26 IST" name="testPutUser" finished-at="2023-12-04T08:45:28 IST" duration-ms="2354" status="PASS">
          <reporter-output>
          </reporter-output>
        </test-method> <!-- testPutUser -->
        <test-method signature="testDeleteUser()[pri:4, instance:api.Tests.UserTests@39529185]" started-at="2023-12-04T08:45:28 IST" name="testDeleteUser" finished-at="2023-12-04T08:45:29 IST" duration-ms="1145" status="PASS">
          <reporter-output>
          </reporter-output>
        </test-method> <!-- testDeleteUser -->
      </class> <!-- api.Tests.UserTests -->
    </test> <!-- Test -->
  </suite> <!-- Suite -->
</testng-results>
