<?xml version="1.0" encoding="UTF-8"?>
<testng-results ignored="0" total="4" passed="4" failed="0" skipped="0">
  <reporter-output>
  </reporter-output>
  <suite started-at="2023-12-03T16:28:02 IST" name="Default suite" finished-at="2023-12-03T16:28:11 IST" duration-ms="8274">
    <groups>
    </groups>
    <test started-at="2023-12-03T16:28:02 IST" name="Default test" finished-at="2023-12-03T16:28:11 IST" duration-ms="8274">
      <class name="api.Tests.UserTests">
        <test-method is-config="true" signature="setupData()[pri:0, instance:api.Tests.UserTests@7d8995e]" started-at="2023-12-03T16:28:02 IST" name="setupData" finished-at="2023-12-03T16:28:03 IST" duration-ms="193" status="PASS">
          <reporter-output>
          </reporter-output>
        </test-method> <!-- setupData -->
        <test-method signature="testAddUser()[pri:1, instance:api.Tests.UserTests@7d8995e]" started-at="2023-12-03T16:28:03 IST" name="testAddUser" finished-at="2023-12-03T16:28:06 IST" duration-ms="3357" status="PASS">
          <reporter-output>
          </reporter-output>
        </test-method> <!-- testAddUser -->
        <test-method signature="testGetUser()[pri:2, instance:api.Tests.UserTests@7d8995e]" started-at="2023-12-03T16:28:06 IST" name="testGetUser" finished-at="2023-12-03T16:28:07 IST" duration-ms="1209" status="PASS">
          <reporter-output>
          </reporter-output>
        </test-method> <!-- testGetUser -->
        <test-method signature="testPutUser()[pri:3, instance:api.Tests.UserTests@7d8995e]" started-at="2023-12-03T16:28:07 IST" name="testPutUser" finished-at="2023-12-03T16:28:10 IST" duration-ms="2279" status="PASS">
          <reporter-output>
          </reporter-output>
        </test-method> <!-- testPutUser -->
        <test-method signature="testDeleteUser()[pri:4, instance:api.Tests.UserTests@7d8995e]" started-at="2023-12-03T16:28:10 IST" name="testDeleteUser" finished-at="2023-12-03T16:28:11 IST" duration-ms="1173" status="PASS">
          <reporter-output>
          </reporter-output>
        </test-method> <!-- testDeleteUser -->
      </class> <!-- api.Tests.UserTests -->
    </test> <!-- Default test -->
  </suite> <!-- Default suite -->
</testng-results>
